2021-06-13 05:56:52.708  INFO 9996 --- [main] c.s.j.app.controller.UserControllerTest  : Starting UserControllerTest using Java 15.0.2 on DESKTOP-L9GCA0B with PID 9996 (started by madhav in C:\Users\madhav\git3\spring-rest-jdbc-app)
2021-06-13 05:56:52.734  INFO 9996 --- [main] c.s.j.app.controller.UserControllerTest  : No active profile set, falling back to default profiles: default
2021-06-13 05:56:58.135  INFO 9996 --- [main] com.zaxxer.hikari.HikariDataSource       : HikariPool-1 - Starting...
2021-06-13 05:56:58.745  INFO 9996 --- [main] com.zaxxer.hikari.HikariDataSource       : HikariPool-1 - Start completed.
2021-06-13 05:56:58.762  INFO 9996 --- [main] o.s.b.a.h2.H2ConsoleAutoConfiguration    : H2 console available at '/h2-console'. Database available at 'jdbc:h2:mem:testdb'
2021-06-13 05:57:00.467  INFO 9996 --- [main] c.s.j.app.controller.UserControllerTest  : Started UserControllerTest in 9.203 seconds (JVM running for 14.047)
2021-06-13 05:57:00.470  INFO 9996 --- [main] o.s.b.a.ApplicationAvailabilityBean      : Application availability state LivenessState changed to CORRECT
2021-06-13 05:57:00.473  INFO 9996 --- [main] o.s.b.a.ApplicationAvailabilityBean      : Application availability state ReadinessState changed to ACCEPTING_TRAFFIC
2021-06-13 05:57:00.908  INFO 9996 --- [main] c.s.jdbc.app.controller.UserController   : Inside saveUser in UserController
2021-06-13 05:57:00.920  INFO 9996 --- [main] c.s.jdbc.app.controller.UserController   : Exiting from saveUser in UserController
2021-06-13 06:25:31.283  INFO 5796 --- [main] c.s.j.app.controller.UserControllerTest  : Starting UserControllerTest using Java 15.0.2 on DESKTOP-L9GCA0B with PID 5796 (started by madhav in C:\Users\madhav\git3\spring-rest-jdbc-app)
2021-06-13 06:25:31.295  INFO 5796 --- [main] c.s.j.app.controller.UserControllerTest  : No active profile set, falling back to default profiles: default
2021-06-13 06:25:35.875  INFO 5796 --- [main] com.zaxxer.hikari.HikariDataSource       : HikariPool-1 - Starting...
2021-06-13 06:25:36.333  INFO 5796 --- [main] com.zaxxer.hikari.HikariDataSource       : HikariPool-1 - Start completed.
2021-06-13 06:25:36.349  INFO 5796 --- [main] o.s.b.a.h2.H2ConsoleAutoConfiguration    : H2 console available at '/h2-console'. Database available at 'jdbc:h2:mem:testdb'
2021-06-13 06:25:37.465  INFO 5796 --- [main] o.s.b.t.m.w.SpringBootMockServletContext : Initializing Spring TestDispatcherServlet ''
2021-06-13 06:25:37.467  INFO 5796 --- [main] o.s.t.web.servlet.TestDispatcherServlet  : Initializing Servlet ''
2021-06-13 06:25:37.471  INFO 5796 --- [main] o.s.t.web.servlet.TestDispatcherServlet  : Completed initialization in 3 ms
2021-06-13 06:25:37.525  INFO 5796 --- [main] c.s.j.app.controller.UserControllerTest  : Started UserControllerTest in 7.331 seconds (JVM running for 10.57)
2021-06-13 06:25:37.530  INFO 5796 --- [main] o.s.b.a.ApplicationAvailabilityBean      : Application availability state LivenessState changed to CORRECT
2021-06-13 06:25:37.545  INFO 5796 --- [main] o.s.b.a.ApplicationAvailabilityBean      : Application availability state ReadinessState changed to ACCEPTING_TRAFFIC
2021-06-13 06:25:37.858  INFO 5796 --- [main] c.s.jdbc.app.controller.UserController   : Inside saveUser in UserController
2021-06-13 06:25:37.863  INFO 5796 --- [main] c.s.jdbc.app.controller.UserController   : Exiting from saveUser in UserController
2021-06-13 06:28:23.291  INFO 5108 --- [main] c.s.j.app.controller.UserControllerTest  : Starting UserControllerTest using Java 15.0.2 on DESKTOP-L9GCA0B with PID 5108 (started by madhav in C:\Users\madhav\git3\spring-rest-jdbc-app)
2021-06-13 06:28:23.300  INFO 5108 --- [main] c.s.j.app.controller.UserControllerTest  : No active profile set, falling back to default profiles: default
2021-06-13 06:28:27.783  INFO 5108 --- [main] com.zaxxer.hikari.HikariDataSource       : HikariPool-1 - Starting...
2021-06-13 06:28:28.357  INFO 5108 --- [main] com.zaxxer.hikari.HikariDataSource       : HikariPool-1 - Start completed.
2021-06-13 06:28:28.390  INFO 5108 --- [main] o.s.b.a.h2.H2ConsoleAutoConfiguration    : H2 console available at '/h2-console'. Database available at 'jdbc:h2:mem:testdb'
2021-06-13 06:28:29.496  INFO 5108 --- [main] o.s.b.t.m.w.SpringBootMockServletContext : Initializing Spring TestDispatcherServlet ''
2021-06-13 06:28:29.497  INFO 5108 --- [main] o.s.t.web.servlet.TestDispatcherServlet  : Initializing Servlet ''
2021-06-13 06:28:29.500  INFO 5108 --- [main] o.s.t.web.servlet.TestDispatcherServlet  : Completed initialization in 2 ms
2021-06-13 06:28:29.566  INFO 5108 --- [main] c.s.j.app.controller.UserControllerTest  : Started UserControllerTest in 7.071 seconds (JVM running for 9.388)
2021-06-13 06:28:29.570  INFO 5108 --- [main] o.s.b.a.ApplicationAvailabilityBean      : Application availability state LivenessState changed to CORRECT
2021-06-13 06:28:29.573  INFO 5108 --- [main] o.s.b.a.ApplicationAvailabilityBean      : Application availability state ReadinessState changed to ACCEPTING_TRAFFIC
2021-06-13 06:28:29.709  INFO 5108 --- [main] c.s.jdbc.app.controller.UserController   : Inside saveUser in UserController
2021-06-13 06:28:29.717  INFO 5108 --- [main] c.s.jdbc.app.controller.UserController   : Exiting from saveUser in UserController
2021-06-13 06:28:29.788  INFO 5108 --- [SpringContextShutdownHook] com.zaxxer.hikari.HikariDataSource       : HikariPool-1 - Shutdown initiated...
2021-06-13 07:27:29.685  INFO 2804 --- [main] c.s.j.app.controller.UserControllerTest  : Starting UserControllerTest using Java 15.0.2 on DESKTOP-L9GCA0B with PID 2804 (started by madhav in C:\Users\madhav\git3\spring-rest-jdbc-app)
2021-06-13 07:27:29.693  INFO 2804 --- [main] c.s.j.app.controller.UserControllerTest  : No active profile set, falling back to default profiles: default
2021-06-13 07:27:34.074  INFO 2804 --- [main] com.zaxxer.hikari.HikariDataSource       : HikariPool-1 - Starting...
2021-06-13 07:27:34.584  INFO 2804 --- [main] com.zaxxer.hikari.HikariDataSource       : HikariPool-1 - Start completed.
2021-06-13 07:27:34.603  INFO 2804 --- [main] o.s.b.a.h2.H2ConsoleAutoConfiguration    : H2 console available at '/h2-console'. Database available at 'jdbc:h2:mem:testdb'
2021-06-13 07:27:35.674  INFO 2804 --- [main] o.s.b.t.m.w.SpringBootMockServletContext : Initializing Spring TestDispatcherServlet ''
2021-06-13 07:27:35.675  INFO 2804 --- [main] o.s.t.web.servlet.TestDispatcherServlet  : Initializing Servlet ''
2021-06-13 07:27:35.678  INFO 2804 --- [main] o.s.t.web.servlet.TestDispatcherServlet  : Completed initialization in 1 ms
2021-06-13 07:27:35.725  INFO 2804 --- [main] c.s.j.app.controller.UserControllerTest  : Started UserControllerTest in 6.945 seconds (JVM running for 9.61)
2021-06-13 07:27:35.730  INFO 2804 --- [main] o.s.b.a.ApplicationAvailabilityBean      : Application availability state LivenessState changed to CORRECT
2021-06-13 07:27:35.733  INFO 2804 --- [main] o.s.b.a.ApplicationAvailabilityBean      : Application availability state ReadinessState changed to ACCEPTING_TRAFFIC
2021-06-13 07:27:35.877  INFO 2804 --- [main] c.s.jdbc.app.controller.UserController   : Inside saveUser in UserController
2021-06-13 07:27:35.887  INFO 2804 --- [main] c.s.jdbc.app.controller.UserController   : Exiting from saveUser in UserController
2021-06-13 07:27:51.176  INFO 9632 --- [main] c.s.j.app.controller.UserControllerTest  : Starting UserControllerTest using Java 15.0.2 on DESKTOP-L9GCA0B with PID 9632 (started by madhav in C:\Users\madhav\git3\spring-rest-jdbc-app)
2021-06-13 07:27:51.186  INFO 9632 --- [main] c.s.j.app.controller.UserControllerTest  : No active profile set, falling back to default profiles: default
2021-06-13 07:27:57.441  INFO 9632 --- [main] com.zaxxer.hikari.HikariDataSource       : HikariPool-1 - Starting...
2021-06-13 07:27:58.111  INFO 9632 --- [main] com.zaxxer.hikari.HikariDataSource       : HikariPool-1 - Start completed.
2021-06-13 07:27:58.135  INFO 9632 --- [main] o.s.b.a.h2.H2ConsoleAutoConfiguration    : H2 console available at '/h2-console'. Database available at 'jdbc:h2:mem:testdb'
2021-06-13 07:27:59.524  INFO 9632 --- [main] o.s.b.t.m.w.SpringBootMockServletContext : Initializing Spring TestDispatcherServlet ''
2021-06-13 07:27:59.526  INFO 9632 --- [main] o.s.t.web.servlet.TestDispatcherServlet  : Initializing Servlet ''
2021-06-13 07:27:59.530  INFO 9632 --- [main] o.s.t.web.servlet.TestDispatcherServlet  : Completed initialization in 2 ms
2021-06-13 07:27:59.589  INFO 9632 --- [main] c.s.j.app.controller.UserControllerTest  : Started UserControllerTest in 9.552 seconds (JVM running for 12.995)
2021-06-13 07:27:59.593  INFO 9632 --- [main] o.s.b.a.ApplicationAvailabilityBean      : Application availability state LivenessState changed to CORRECT
2021-06-13 07:27:59.596  INFO 9632 --- [main] o.s.b.a.ApplicationAvailabilityBean      : Application availability state ReadinessState changed to ACCEPTING_TRAFFIC
2021-06-13 07:27:59.752  INFO 9632 --- [main] c.s.jdbc.app.controller.UserController   : Inside saveUser in UserController
2021-06-13 07:27:59.759  INFO 9632 --- [main] c.s.jdbc.app.controller.UserController   : Exiting from saveUser in UserController
2021-06-13 07:27:59.901  INFO 9632 --- [SpringContextShutdownHook] com.zaxxer.hikari.HikariDataSource       : HikariPool-1 - Shutdown initiated...
2021-06-13 07:28:13.408  INFO 9016 --- [main] c.s.j.app.controller.UserControllerTest  : Starting UserControllerTest using Java 15.0.2 on DESKTOP-L9GCA0B with PID 9016 (started by madhav in C:\Users\madhav\git3\spring-rest-jdbc-app)
2021-06-13 07:28:13.432  INFO 9016 --- [main] c.s.j.app.controller.UserControllerTest  : No active profile set, falling back to default profiles: default
2021-06-13 07:28:19.324  INFO 9016 --- [main] com.zaxxer.hikari.HikariDataSource       : HikariPool-1 - Starting...
2021-06-13 07:28:19.940  INFO 9016 --- [main] com.zaxxer.hikari.HikariDataSource       : HikariPool-1 - Start completed.
2021-06-13 07:28:19.958  INFO 9016 --- [main] o.s.b.a.h2.H2ConsoleAutoConfiguration    : H2 console available at '/h2-console'. Database available at 'jdbc:h2:mem:testdb'
2021-06-13 07:28:21.220  INFO 9016 --- [main] o.s.b.t.m.w.SpringBootMockServletContext : Initializing Spring TestDispatcherServlet ''
2021-06-13 07:28:21.221  INFO 9016 --- [main] o.s.t.web.servlet.TestDispatcherServlet  : Initializing Servlet ''
2021-06-13 07:28:21.224  INFO 9016 --- [main] o.s.t.web.servlet.TestDispatcherServlet  : Completed initialization in 2 ms
2021-06-13 07:28:21.298  INFO 9016 --- [main] c.s.j.app.controller.UserControllerTest  : Started UserControllerTest in 9.111 seconds (JVM running for 12.524)
2021-06-13 07:28:21.301  INFO 9016 --- [main] o.s.b.a.ApplicationAvailabilityBean      : Application availability state LivenessState changed to CORRECT
2021-06-13 07:28:21.305  INFO 9016 --- [main] o.s.b.a.ApplicationAvailabilityBean      : Application availability state ReadinessState changed to ACCEPTING_TRAFFIC
2021-06-13 07:28:21.453  INFO 9016 --- [main] c.s.jdbc.app.controller.UserController   : Inside saveUser in UserController
2021-06-13 07:28:21.459  INFO 9016 --- [main] c.s.jdbc.app.controller.UserController   : Exiting from saveUser in UserController
2021-06-13 07:30:27.398  INFO 9788 --- [main] c.s.j.app.controller.UserControllerTest  : Starting UserControllerTest using Java 15.0.2 on DESKTOP-L9GCA0B with PID 9788 (started by madhav in C:\Users\madhav\git3\spring-rest-jdbc-app)
2021-06-13 07:30:27.406  INFO 9788 --- [main] c.s.j.app.controller.UserControllerTest  : No active profile set, falling back to default profiles: default
2021-06-13 07:30:33.155  INFO 9788 --- [main] com.zaxxer.hikari.HikariDataSource       : HikariPool-1 - Starting...
2021-06-13 07:30:33.793  INFO 9788 --- [main] com.zaxxer.hikari.HikariDataSource       : HikariPool-1 - Start completed.
2021-06-13 07:30:33.816  INFO 9788 --- [main] o.s.b.a.h2.H2ConsoleAutoConfiguration    : H2 console available at '/h2-console'. Database available at 'jdbc:h2:mem:testdb'
2021-06-13 07:30:35.033  INFO 9788 --- [main] o.s.b.t.m.w.SpringBootMockServletContext : Initializing Spring TestDispatcherServlet ''
2021-06-13 07:30:35.036  INFO 9788 --- [main] o.s.t.web.servlet.TestDispatcherServlet  : Initializing Servlet ''
2021-06-13 07:30:35.041  INFO 9788 --- [main] o.s.t.web.servlet.TestDispatcherServlet  : Completed initialization in 4 ms
2021-06-13 07:30:35.102  INFO 9788 --- [main] c.s.j.app.controller.UserControllerTest  : Started UserControllerTest in 8.826 seconds (JVM running for 12.24)
2021-06-13 07:30:35.106  INFO 9788 --- [main] o.s.b.a.ApplicationAvailabilityBean      : Application availability state LivenessState changed to CORRECT
2021-06-13 07:30:35.119  INFO 9788 --- [main] o.s.b.a.ApplicationAvailabilityBean      : Application availability state ReadinessState changed to ACCEPTING_TRAFFIC
2021-06-13 07:30:35.586  INFO 9788 --- [main] c.s.jdbc.app.controller.UserController   : Inside saveUser in UserController
2021-06-13 07:30:35.624  INFO 9788 --- [main] c.s.jdbc.app.controller.UserController   : Exiting from saveUser in UserController
2021-06-13 07:30:36.275  INFO 9788 --- [SpringContextShutdownHook] com.zaxxer.hikari.HikariDataSource       : HikariPool-1 - Shutdown initiated...
2021-06-13 07:31:14.738  INFO 6556 --- [main] c.s.j.app.controller.UserControllerTest  : Starting UserControllerTest using Java 15.0.2 on DESKTOP-L9GCA0B with PID 6556 (started by madhav in C:\Users\madhav\git3\spring-rest-jdbc-app)
2021-06-13 07:31:14.747  INFO 6556 --- [main] c.s.j.app.controller.UserControllerTest  : No active profile set, falling back to default profiles: default
2021-06-13 07:31:20.264  INFO 6556 --- [main] com.zaxxer.hikari.HikariDataSource       : HikariPool-1 - Starting...
2021-06-13 07:31:20.878  INFO 6556 --- [main] com.zaxxer.hikari.HikariDataSource       : HikariPool-1 - Start completed.
2021-06-13 07:31:20.899  INFO 6556 --- [main] o.s.b.a.h2.H2ConsoleAutoConfiguration    : H2 console available at '/h2-console'. Database available at 'jdbc:h2:mem:testdb'
2021-06-13 07:31:22.164  INFO 6556 --- [main] o.s.b.t.m.w.SpringBootMockServletContext : Initializing Spring TestDispatcherServlet ''
2021-06-13 07:31:22.165  INFO 6556 --- [main] o.s.t.web.servlet.TestDispatcherServlet  : Initializing Servlet ''
2021-06-13 07:31:22.167  INFO 6556 --- [main] o.s.t.web.servlet.TestDispatcherServlet  : Completed initialization in 2 ms
2021-06-13 07:31:22.222  INFO 6556 --- [main] c.s.j.app.controller.UserControllerTest  : Started UserControllerTest in 8.559 seconds (JVM running for 11.981)
2021-06-13 07:31:22.227  INFO 6556 --- [main] o.s.b.a.ApplicationAvailabilityBean      : Application availability state LivenessState changed to CORRECT
2021-06-13 07:31:22.231  INFO 6556 --- [main] o.s.b.a.ApplicationAvailabilityBean      : Application availability state ReadinessState changed to ACCEPTING_TRAFFIC
2021-06-13 07:31:22.388  INFO 6556 --- [main] c.s.jdbc.app.controller.UserController   : Inside saveUser in UserController
2021-06-13 07:31:22.398  INFO 6556 --- [main] c.s.jdbc.app.controller.UserController   : Exiting from saveUser in UserController
2021-06-13 07:32:14.762  INFO 6556 --- [main] c.s.jdbc.app.controller.UserController   : Inside saveUser in UserController
2021-06-13 07:32:14.781  INFO 6556 --- [main] c.s.jdbc.app.controller.UserController   : Exiting from saveUser in UserController
2021-06-13 07:33:09.896  INFO 9388 --- [main] c.s.j.app.controller.UserControllerTest  : Starting UserControllerTest using Java 15.0.2 on DESKTOP-L9GCA0B with PID 9388 (started by madhav in C:\Users\madhav\git3\spring-rest-jdbc-app)
2021-06-13 07:33:09.904  INFO 9388 --- [main] c.s.j.app.controller.UserControllerTest  : No active profile set, falling back to default profiles: default
2021-06-13 07:33:14.296  INFO 9388 --- [main] com.zaxxer.hikari.HikariDataSource       : HikariPool-1 - Starting...
2021-06-13 07:33:14.753  INFO 9388 --- [main] com.zaxxer.hikari.HikariDataSource       : HikariPool-1 - Start completed.
2021-06-13 07:33:14.782  INFO 9388 --- [main] o.s.b.a.h2.H2ConsoleAutoConfiguration    : H2 console available at '/h2-console'. Database available at 'jdbc:h2:mem:testdb'
2021-06-13 07:33:15.831  INFO 9388 --- [main] o.s.b.t.m.w.SpringBootMockServletContext : Initializing Spring TestDispatcherServlet ''
2021-06-13 07:33:15.832  INFO 9388 --- [main] o.s.t.web.servlet.TestDispatcherServlet  : Initializing Servlet ''
2021-06-13 07:33:15.835  INFO 9388 --- [main] o.s.t.web.servlet.TestDispatcherServlet  : Completed initialization in 2 ms
2021-06-13 07:33:15.883  INFO 9388 --- [main] c.s.j.app.controller.UserControllerTest  : Started UserControllerTest in 6.925 seconds (JVM running for 9.147)
2021-06-13 07:33:15.886  INFO 9388 --- [main] o.s.b.a.ApplicationAvailabilityBean      : Application availability state LivenessState changed to CORRECT
2021-06-13 07:33:15.889  INFO 9388 --- [main] o.s.b.a.ApplicationAvailabilityBean      : Application availability state ReadinessState changed to ACCEPTING_TRAFFIC
2021-06-13 07:33:16.022  INFO 9388 --- [main] c.s.jdbc.app.controller.UserController   : Inside saveUser in UserController
2021-06-13 07:33:16.029  INFO 9388 --- [main] c.s.jdbc.app.controller.UserController   : Exiting from saveUser in UserController
2021-06-13 07:33:16.373  INFO 9388 --- [main] c.s.jdbc.app.controller.UserController   : Inside saveUser in UserController
2021-06-13 07:33:16.375  INFO 9388 --- [main] c.s.jdbc.app.controller.UserController   : Exiting from saveUser in UserController
2021-06-13 07:34:56.394  INFO 2596 --- [main] c.s.j.app.controller.UserControllerTest  : Starting UserControllerTest using Java 15.0.2 on DESKTOP-L9GCA0B with PID 2596 (started by madhav in C:\Users\madhav\git3\spring-rest-jdbc-app)
2021-06-13 07:34:56.402  INFO 2596 --- [main] c.s.j.app.controller.UserControllerTest  : No active profile set, falling back to default profiles: default
2021-06-13 07:35:02.054  INFO 2596 --- [main] com.zaxxer.hikari.HikariDataSource       : HikariPool-1 - Starting...
2021-06-13 07:35:02.723  INFO 2596 --- [main] com.zaxxer.hikari.HikariDataSource       : HikariPool-1 - Start completed.
2021-06-13 07:35:02.743  INFO 2596 --- [main] o.s.b.a.h2.H2ConsoleAutoConfiguration    : H2 console available at '/h2-console'. Database available at 'jdbc:h2:mem:testdb'
2021-06-13 07:35:04.036  INFO 2596 --- [main] o.s.b.t.m.w.SpringBootMockServletContext : Initializing Spring TestDispatcherServlet ''
2021-06-13 07:35:04.037  INFO 2596 --- [main] o.s.t.web.servlet.TestDispatcherServlet  : Initializing Servlet ''
2021-06-13 07:35:04.040  INFO 2596 --- [main] o.s.t.web.servlet.TestDispatcherServlet  : Completed initialization in 2 ms
2021-06-13 07:35:04.093  INFO 2596 --- [main] c.s.j.app.controller.UserControllerTest  : Started UserControllerTest in 8.796 seconds (JVM running for 12.064)
2021-06-13 07:35:04.096  INFO 2596 --- [main] o.s.b.a.ApplicationAvailabilityBean      : Application availability state LivenessState changed to CORRECT
2021-06-13 07:35:04.099  INFO 2596 --- [main] o.s.b.a.ApplicationAvailabilityBean      : Application availability state ReadinessState changed to ACCEPTING_TRAFFIC
2021-06-13 07:35:04.242  INFO 2596 --- [main] c.s.jdbc.app.controller.UserController   : Inside saveUser in UserController
2021-06-13 07:35:04.249  INFO 2596 --- [main] c.s.jdbc.app.controller.UserController   : Exiting from saveUser in UserController
2021-06-13 07:35:27.581  INFO 2596 --- [main] c.s.jdbc.app.controller.UserController   : Inside saveUser in UserController
2021-06-13 07:35:27.597  INFO 2596 --- [main] c.s.jdbc.app.controller.UserController   : Exiting from saveUser in UserController
2021-06-13 07:35:35.197  INFO 2596 --- [SpringContextShutdownHook] com.zaxxer.hikari.HikariDataSource       : HikariPool-1 - Shutdown initiated...
